<?xml version="1.0" encoding="UTF-8"?>
<testsuites name="TS_Requesting Ride" time="179" tests="1" failures="1" errors="0">
   <testsuite name="TS_Requesting Ride" tests="1" failures="1" errors="0" time="179" timestamp="2019-03-10 20:44:40" hostname="denni - DESKTOP-VUJE207" id="Test Suites/Ride Request/TS_Requesting Ride">
      <properties>
         <property name="deviceName" value="CUBOT CUBOT NOTE Plus (Android 7.0)"/>
         <property name="devicePlatform" value=""/>
         <property name="logFolder" value="C:\\Users\\denni\\git\\SafeBoda\\Reports\\Ride Request\\TS_Requesting Ride\\20190310_204437"/>
         <property name="logFiles" value="C:\\Users\\denni\\git\\SafeBoda\\Reports\\Ride Request\\TS_Requesting Ride\\20190310_204437\\appium.log, C:\\Users\\denni\\git\\SafeBoda\\Reports\\Ride Request\\TS_Requesting Ride\\20190310_204437\\execution0.log"/>
         <property name="attachments" value="C:\\Users\\denni\\git\\SafeBoda\\Reports\\Ride Request\\TS_Requesting Ride\\20190310_204437\\1552239947243.png, C:\\Users\\denni\\git\\SafeBoda\\Reports\\Ride Request\\TS_Requesting Ride\\20190310_204437\\1552239949056.png"/>
         <property name="hostName" value="denni - DESKTOP-VUJE207"/>
         <property name="os" value="Windows 10 64bit"/>
         <property name="katalonVersion" value="6.0.5.4"/>
         <property name="deviceOS" value="Android"/>
         <property name="appiumVersion" value="1.8.1"/>
         <property name="deviceModel" value="CUBOT NOTE Plus"/>
         <property name="hostAddress" value="192.168.43.106"/>
         <property name="deviceManufacturer" value="CUBOT"/>
         <property name="deviceId" value="C509XXBH81110634"/>
         <property name="deviceName" value="CUBOT CUBOT NOTE Plus (Android 7.0)"/>
         <property name="deviceOSVersion" value="7.0"/>
      </properties>
      <testcase name="Test Cases/Driver Test Cases/Login/TC_Driver Login" classname="Test Cases/Driver Test Cases/Login/TC_Driver Login" status="FAILED">
         <failure type="FAILED" message="Test Cases/Driver Test Cases/Login/TC_Driver Login FAILED.
Reason:
com.kms.katalon.core.exception.StepFailedException: Failed to tap on element 'Object Repository/Driver App/Login Screen/Button_Continue with Google'
	at com.kms.katalon.core.keyword.internal.KeywordMain.stepFailed(KeywordMain.groovy:48)
	at com.kms.katalon.core.mobile.keyword.internal.MobileKeywordMain.stepFailed(MobileKeywordMain.groovy:40)
	at com.kms.katalon.core.mobile.keyword.internal.MobileKeywordMain.runKeyword(MobileKeywordMain.groovy:23)
	at com.kms.katalon.core.mobile.keyword.builtin.TapKeyword.tap(TapKeyword.groovy:83)
	at com.kms.katalon.core.mobile.keyword.builtin.TapKeyword.execute(TapKeyword.groovy:66)
	at com.kms.katalon.core.keyword.internal.KeywordExecutor.executeKeywordForPlatform(KeywordExecutor.groovy:56)
	at com.kms.katalon.core.mobile.keyword.MobileBuiltInKeywords.tap(MobileBuiltInKeywords.groovy:485)
	at com.kms.katalon.core.mobile.keyword.MobileBuiltInKeywords$tap$0.call(Unknown Source)
	at TC_Driver Login.run(TC_Driver Login:27)
	at com.kms.katalon.core.main.ScriptEngine.run(ScriptEngine.java:194)
	at com.kms.katalon.core.main.ScriptEngine.runScriptAsRawText(ScriptEngine.java:119)
	at com.kms.katalon.core.main.TestCaseExecutor.runScript(TestCaseExecutor.java:331)
	at com.kms.katalon.core.main.TestCaseExecutor.doExecute(TestCaseExecutor.java:322)
	at com.kms.katalon.core.main.TestCaseExecutor.processExecutionPhase(TestCaseExecutor.java:301)
	at com.kms.katalon.core.main.TestCaseExecutor.accessMainPhase(TestCaseExecutor.java:293)
	at com.kms.katalon.core.main.TestCaseExecutor.execute(TestCaseExecutor.java:227)
	at com.kms.katalon.core.main.TestSuiteExecutor.accessTestCaseMainPhase(TestSuiteExecutor.java:129)
	at com.kms.katalon.core.main.TestSuiteExecutor.accessTestSuiteMainPhase(TestSuiteExecutor.java:112)
	at com.kms.katalon.core.main.TestSuiteExecutor.execute(TestSuiteExecutor.java:81)
	at com.kms.katalon.core.main.TestCaseMain.startTestSuite(TestCaseMain.java:157)
	at com.kms.katalon.core.main.TestCaseMain$startTestSuite$0.call(Unknown Source)
	at TempTestSuite1552239877084.run(TempTestSuite1552239877084.groovy:35)
"/>
         <system-out><![CDATA[2019-03-10 20:44:40 - [TEST_CASE][FAILED] - Test Cases/Driver Test Cases/Login/TC_Driver Login: Test Cases/Driver Test Cases/Login/TC_Driver Login FAILED.
Reason:
com.kms.katalon.core.exception.StepFailedException: Failed to tap on element 'Object Repository/Driver App/Login Screen/Button_Continue with Google'
	at com.kms.katalon.core.keyword.internal.KeywordMain.stepFailed(KeywordMain.groovy:48)
	at com.kms.katalon.core.mobile.keyword.internal.MobileKeywordMain.stepFailed(MobileKeywordMain.groovy:40)
	at com.kms.katalon.core.mobile.keyword.internal.MobileKeywordMain.runKeyword(MobileKeywordMain.groovy:23)
	at com.kms.katalon.core.mobile.keyword.builtin.TapKeyword.tap(TapKeyword.groovy:83)
	at com.kms.katalon.core.mobile.keyword.builtin.TapKeyword.execute(TapKeyword.groovy:66)
	at com.kms.katalon.core.keyword.internal.KeywordExecutor.executeKeywordForPlatform(KeywordExecutor.groovy:56)
	at com.kms.katalon.core.mobile.keyword.MobileBuiltInKeywords.tap(MobileBuiltInKeywords.groovy:485)
	at com.kms.katalon.core.mobile.keyword.MobileBuiltInKeywords$tap$0.call(Unknown Source)
	at TC_Driver Login.run(TC_Driver Login:27)
	at com.kms.katalon.core.main.ScriptEngine.run(ScriptEngine.java:194)
	at com.kms.katalon.core.main.ScriptEngine.runScriptAsRawText(ScriptEngine.java:119)
	at com.kms.katalon.core.main.TestCaseExecutor.runScript(TestCaseExecutor.java:331)
	at com.kms.katalon.core.main.TestCaseExecutor.doExecute(TestCaseExecutor.java:322)
	at com.kms.katalon.core.main.TestCaseExecutor.processExecutionPhase(TestCaseExecutor.java:301)
	at com.kms.katalon.core.main.TestCaseExecutor.accessMainPhase(TestCaseExecutor.java:293)
	at com.kms.katalon.core.main.TestCaseExecutor.execute(TestCaseExecutor.java:227)
	at com.kms.katalon.core.main.TestSuiteExecutor.accessTestCaseMainPhase(TestSuiteExecutor.java:129)
	at com.kms.katalon.core.main.TestSuiteExecutor.accessTestSuiteMainPhase(TestSuiteExecutor.java:112)
	at com.kms.katalon.core.main.TestSuiteExecutor.execute(TestSuiteExecutor.java:81)
	at com.kms.katalon.core.main.TestCaseMain.startTestSuite(TestCaseMain.java:157)
	at com.kms.katalon.core.main.TestCaseMain$startTestSuite$0.call(Unknown Source)
	at TempTestSuite1552239877084.run(TempTestSuite1552239877084.groovy:35)


2019-03-10 20:44:41 - [TEST_STEP][PASSED] - location = System.getenv("USERPROFILE"): null

2019-03-10 20:44:41 - [TEST_STEP][PASSED] - filePathDriverApp = location + "/git/SafeBoda/SafeBoda Apps/app-driver.apk": null

2019-03-10 20:44:41 - [TEST_STEP][PASSED] - startApplication(filePathDriverApp, false): Started app at: 'C:\Users\denni\git\SafeBoda\SafeBoda Apps\app-driver.apk'

2019-03-10 20:44:47 - [MESSAGE][INFO] - Appium server started on port 54,472

2019-03-10 20:45:41 - [MESSAGE][PASSED] - Started app at: 'C:\Users\denni\git\SafeBoda\SafeBoda Apps\app-driver.apk'

2019-03-10 20:45:41 - [TEST_STEP][PASSED] - delay(3, STOP_ON_FAILURE): Delayed 3 second(s)

2019-03-10 20:45:45 - [MESSAGE][PASSED] - Delayed 3 second(s)

2019-03-10 20:45:45 - [TEST_STEP][FAILED] - tap(findTestObject("Driver App/Login Screen/Button_Continue with Google"), 2): tap(findTestObject("Driver App/Login Screen/Button_Continue with Google"), 2) FAILED.
Reason:
com.kms.katalon.core.exception.StepFailedException: Failed to tap on element 'Object Repository/Driver App/Login Screen/Button_Continue with Google'
	at com.kms.katalon.core.keyword.internal.KeywordMain.stepFailed(KeywordMain.groovy:48)
	at com.kms.katalon.core.mobile.keyword.internal.MobileKeywordMain.stepFailed(MobileKeywordMain.groovy:40)
	at com.kms.katalon.core.mobile.keyword.internal.MobileKeywordMain.runKeyword(MobileKeywordMain.groovy:23)
	at com.kms.katalon.core.mobile.keyword.builtin.TapKeyword.tap(TapKeyword.groovy:83)
	at com.kms.katalon.core.mobile.keyword.builtin.TapKeyword.execute(TapKeyword.groovy:66)
	at com.kms.katalon.core.keyword.internal.KeywordExecutor.executeKeywordForPlatform(KeywordExecutor.groovy:56)
	at com.kms.katalon.core.mobile.keyword.MobileBuiltInKeywords.tap(MobileBuiltInKeywords.groovy:485)
	at com.kms.katalon.core.mobile.keyword.MobileBuiltInKeywords$tap$0.call(Unknown Source)
	at TC_Driver Login.run(TC_Driver Login:27)
	at com.kms.katalon.core.main.ScriptEngine.run(ScriptEngine.java:194)
	at com.kms.katalon.core.main.ScriptEngine.runScriptAsRawText(ScriptEngine.java:119)
	at com.kms.katalon.core.main.TestCaseExecutor.runScript(TestCaseExecutor.java:331)
	at com.kms.katalon.core.main.TestCaseExecutor.doExecute(TestCaseExecutor.java:322)
	at com.kms.katalon.core.main.TestCaseExecutor.processExecutionPhase(TestCaseExecutor.java:301)
	at com.kms.katalon.core.main.TestCaseExecutor.accessMainPhase(TestCaseExecutor.java:293)
	at com.kms.katalon.core.main.TestCaseExecutor.execute(TestCaseExecutor.java:227)
	at com.kms.katalon.core.main.TestSuiteExecutor.accessTestCaseMainPhase(TestSuiteExecutor.java:129)
	at com.kms.katalon.core.main.TestSuiteExecutor.accessTestSuiteMainPhase(TestSuiteExecutor.java:112)
	at com.kms.katalon.core.main.TestSuiteExecutor.execute(TestSuiteExecutor.java:81)
	at com.kms.katalon.core.main.TestCaseMain.startTestSuite(TestCaseMain.java:157)
	at com.kms.katalon.core.main.TestCaseMain$startTestSuite$0.call(Unknown Source)
	at TempTestSuite1552239877084.run(TempTestSuite1552239877084.groovy:35)


2019-03-10 20:45:49 - [MESSAGE][FAILED] - Object Object Repository/Driver App/Login Screen/Button_Continue with Google not found
[[ATTACHMENT|C:\\Users\\denni\\git\\SafeBoda\\Reports\\Ride Request\\TS_Requesting Ride\\20190310_204437\\1552239947243.png]]

2019-03-10 20:45:50 - [MESSAGE][FAILED] - Failed to tap on element 'Object Repository/Driver App/Login Screen/Button_Continue with Google'
[[ATTACHMENT|C:\\Users\\denni\\git\\SafeBoda\\Reports\\Ride Request\\TS_Requesting Ride\\20190310_204437\\1552239949056.png]]

2019-03-10 20:45:50 - [MESSAGE][FAILED] - tap(findTestObject("Driver App/Login Screen/Button_Continue with Google"), 2) FAILED.
Reason:
com.kms.katalon.core.exception.StepFailedException: Failed to tap on element 'Object Repository/Driver App/Login Screen/Button_Continue with Google'
	at com.kms.katalon.core.keyword.internal.KeywordMain.stepFailed(KeywordMain.groovy:48)
	at com.kms.katalon.core.mobile.keyword.internal.MobileKeywordMain.stepFailed(MobileKeywordMain.groovy:40)
	at com.kms.katalon.core.mobile.keyword.internal.MobileKeywordMain.runKeyword(MobileKeywordMain.groovy:23)
	at com.kms.katalon.core.mobile.keyword.builtin.TapKeyword.tap(TapKeyword.groovy:83)
	at com.kms.katalon.core.mobile.keyword.builtin.TapKeyword.execute(TapKeyword.groovy:66)
	at com.kms.katalon.core.keyword.internal.KeywordExecutor.executeKeywordForPlatform(KeywordExecutor.groovy:56)
	at com.kms.katalon.core.mobile.keyword.MobileBuiltInKeywords.tap(MobileBuiltInKeywords.groovy:485)
	at com.kms.katalon.core.mobile.keyword.MobileBuiltInKeywords$tap$0.call(Unknown Source)
	at TC_Driver Login.run(TC_Driver Login:27)
	at com.kms.katalon.core.main.ScriptEngine.run(ScriptEngine.java:194)
	at com.kms.katalon.core.main.ScriptEngine.runScriptAsRawText(ScriptEngine.java:119)
	at com.kms.katalon.core.main.TestCaseExecutor.runScript(TestCaseExecutor.java:331)
	at com.kms.katalon.core.main.TestCaseExecutor.doExecute(TestCaseExecutor.java:322)
	at com.kms.katalon.core.main.TestCaseExecutor.processExecutionPhase(TestCaseExecutor.java:301)
	at com.kms.katalon.core.main.TestCaseExecutor.accessMainPhase(TestCaseExecutor.java:293)
	at com.kms.katalon.core.main.TestCaseExecutor.execute(TestCaseExecutor.java:227)
	at com.kms.katalon.core.main.TestSuiteExecutor.accessTestCaseMainPhase(TestSuiteExecutor.java:129)
	at com.kms.katalon.core.main.TestSuiteExecutor.accessTestSuiteMainPhase(TestSuiteExecutor.java:112)
	at com.kms.katalon.core.main.TestSuiteExecutor.execute(TestSuiteExecutor.java:81)
	at com.kms.katalon.core.main.TestCaseMain.startTestSuite(TestCaseMain.java:157)
	at com.kms.katalon.core.main.TestCaseMain$startTestSuite$0.call(Unknown Source)
	at TempTestSuite1552239877084.run(TempTestSuite1552239877084.groovy:35)]]></system-out>
         <system-err><![CDATA[2019-03-10 20:44:40 - [TEST_CASE][FAILED] - Test Cases/Driver Test Cases/Login/TC_Driver Login: Test Cases/Driver Test Cases/Login/TC_Driver Login FAILED.
Reason:
com.kms.katalon.core.exception.StepFailedException: Failed to tap on element 'Object Repository/Driver App/Login Screen/Button_Continue with Google'
	at com.kms.katalon.core.keyword.internal.KeywordMain.stepFailed(KeywordMain.groovy:48)
	at com.kms.katalon.core.mobile.keyword.internal.MobileKeywordMain.stepFailed(MobileKeywordMain.groovy:40)
	at com.kms.katalon.core.mobile.keyword.internal.MobileKeywordMain.runKeyword(MobileKeywordMain.groovy:23)
	at com.kms.katalon.core.mobile.keyword.builtin.TapKeyword.tap(TapKeyword.groovy:83)
	at com.kms.katalon.core.mobile.keyword.builtin.TapKeyword.execute(TapKeyword.groovy:66)
	at com.kms.katalon.core.keyword.internal.KeywordExecutor.executeKeywordForPlatform(KeywordExecutor.groovy:56)
	at com.kms.katalon.core.mobile.keyword.MobileBuiltInKeywords.tap(MobileBuiltInKeywords.groovy:485)
	at com.kms.katalon.core.mobile.keyword.MobileBuiltInKeywords$tap$0.call(Unknown Source)
	at TC_Driver Login.run(TC_Driver Login:27)
	at com.kms.katalon.core.main.ScriptEngine.run(ScriptEngine.java:194)
	at com.kms.katalon.core.main.ScriptEngine.runScriptAsRawText(ScriptEngine.java:119)
	at com.kms.katalon.core.main.TestCaseExecutor.runScript(TestCaseExecutor.java:331)
	at com.kms.katalon.core.main.TestCaseExecutor.doExecute(TestCaseExecutor.java:322)
	at com.kms.katalon.core.main.TestCaseExecutor.processExecutionPhase(TestCaseExecutor.java:301)
	at com.kms.katalon.core.main.TestCaseExecutor.accessMainPhase(TestCaseExecutor.java:293)
	at com.kms.katalon.core.main.TestCaseExecutor.execute(TestCaseExecutor.java:227)
	at com.kms.katalon.core.main.TestSuiteExecutor.accessTestCaseMainPhase(TestSuiteExecutor.java:129)
	at com.kms.katalon.core.main.TestSuiteExecutor.accessTestSuiteMainPhase(TestSuiteExecutor.java:112)
	at com.kms.katalon.core.main.TestSuiteExecutor.execute(TestSuiteExecutor.java:81)
	at com.kms.katalon.core.main.TestCaseMain.startTestSuite(TestCaseMain.java:157)
	at com.kms.katalon.core.main.TestCaseMain$startTestSuite$0.call(Unknown Source)
	at TempTestSuite1552239877084.run(TempTestSuite1552239877084.groovy:35)]]></system-err>
      </testcase>
      <testcase name="Test Cases/Passenger Test Cases/Request Ride/TC_Request Ride" classname="Test Cases/Passenger Test Cases/Request Ride/TC_Request Ride" status="PASSED">
         <system-out><![CDATA[2019-03-10 20:45:50 - [TEST_CASE][PASSED] - Test Cases/Passenger Test Cases/Request Ride/TC_Request Ride: Test Cases/Passenger Test Cases/Request Ride/TC_Request Ride

2019-03-10 20:45:54 - [TEST_STEP][PASSED] - location = System.getenv("USERPROFILE"): null

2019-03-10 20:45:54 - [TEST_STEP][PASSED] - filepathPassengerApp = location + "/git/SafeBoda/SafeBoda Apps/app-passenger.apk": null

2019-03-10 20:45:54 - [TEST_STEP][PASSED] - startApplication(filepathPassengerApp, false): Started app at: 'C:\Users\denni\git\SafeBoda\SafeBoda Apps\app-passenger.apk'

2019-03-10 20:46:49 - [MESSAGE][PASSED] - Started app at: 'C:\Users\denni\git\SafeBoda\SafeBoda Apps\app-passenger.apk'

2019-03-10 20:46:49 - [TEST_STEP][PASSED] - tap(findTestObject("Passenger App/Request Ride Screen/input_Location"), 0): Tapped on element 'Object Repository/Passenger App/Request Ride Screen/input_Location'

2019-03-10 20:46:49 - [MESSAGE][WARNING] - Timeout '0' is invalid. Using default page load timeout: '30'

2019-03-10 20:46:56 - [MESSAGE][PASSED] - Tapped on element 'Object Repository/Passenger App/Request Ride Screen/input_Location'

2019-03-10 20:46:56 - [TEST_STEP][PASSED] - tap(findTestObject("Passenger App/Request Ride Screen/input_Location"), 0): Tapped on element 'Object Repository/Passenger App/Request Ride Screen/input_Location'

2019-03-10 20:46:56 - [MESSAGE][WARNING] - Timeout '0' is invalid. Using default page load timeout: '30'

2019-03-10 20:47:02 - [MESSAGE][PASSED] - Tapped on element 'Object Repository/Passenger App/Request Ride Screen/input_Location'

2019-03-10 20:47:02 - [TEST_STEP][PASSED] - sendKeys(findTestObject("Passenger App/Request Ride Screen/input_Location"), destinationLocation): Send keys 'Sheraton Kampala Hotel' on test object 'Object Repository/Passenger App/Request Ride Screen/input_Location' successfully.

2019-03-10 20:47:05 - [MESSAGE][PASSED] - Send keys 'Sheraton Kampala Hotel' on test object 'Object Repository/Passenger App/Request Ride Screen/input_Location' successfully.

2019-03-10 20:47:05 - [TEST_STEP][PASSED] - tap(findTestObject("Passenger App/Request Ride Screen/dropdown_Pick upDestination Location"), 0): Tapped on element 'Object Repository/Passenger App/Request Ride Screen/dropdown_Pick upDestination Location'

2019-03-10 20:47:05 - [MESSAGE][WARNING] - Timeout '0' is invalid. Using default page load timeout: '30'

2019-03-10 20:47:10 - [MESSAGE][PASSED] - Tapped on element 'Object Repository/Passenger App/Request Ride Screen/dropdown_Pick upDestination Location'

2019-03-10 20:47:10 - [TEST_STEP][PASSED] - tap(findTestObject("Passenger App/Request Ride Screen/icon_Search Pick Up"), 0): Tapped on element 'Object Repository/Passenger App/Request Ride Screen/icon_Search Pick Up'

2019-03-10 20:47:10 - [MESSAGE][WARNING] - Timeout '0' is invalid. Using default page load timeout: '30'

2019-03-10 20:47:14 - [MESSAGE][PASSED] - Tapped on element 'Object Repository/Passenger App/Request Ride Screen/icon_Search Pick Up'

2019-03-10 20:47:14 - [TEST_STEP][PASSED] - tap(findTestObject("Passenger App/Request Ride Screen/input_Location"), 0): Tapped on element 'Object Repository/Passenger App/Request Ride Screen/input_Location'

2019-03-10 20:47:14 - [MESSAGE][WARNING] - Timeout '0' is invalid. Using default page load timeout: '30'

2019-03-10 20:47:16 - [MESSAGE][PASSED] - Tapped on element 'Object Repository/Passenger App/Request Ride Screen/input_Location'

2019-03-10 20:47:16 - [TEST_STEP][PASSED] - tap(findTestObject("Passenger App/Request Ride Screen/input_Location"), 0): Tapped on element 'Object Repository/Passenger App/Request Ride Screen/input_Location'

2019-03-10 20:47:16 - [MESSAGE][WARNING] - Timeout '0' is invalid. Using default page load timeout: '30'

2019-03-10 20:47:19 - [MESSAGE][PASSED] - Tapped on element 'Object Repository/Passenger App/Request Ride Screen/input_Location'

2019-03-10 20:47:19 - [TEST_STEP][PASSED] - sendKeys(findTestObject("Passenger App/Request Ride Screen/input_Location"), pickUpLocation): Send keys 'kama inn' on test object 'Object Repository/Passenger App/Request Ride Screen/input_Location' successfully.

2019-03-10 20:47:21 - [MESSAGE][PASSED] - Send keys 'kama inn' on test object 'Object Repository/Passenger App/Request Ride Screen/input_Location' successfully.

2019-03-10 20:47:21 - [TEST_STEP][PASSED] - tap(findTestObject("Passenger App/Request Ride Screen/dropdown_Pick upDestination Location"), 0): Tapped on element 'Object Repository/Passenger App/Request Ride Screen/dropdown_Pick upDestination Location'

2019-03-10 20:47:21 - [MESSAGE][WARNING] - Timeout '0' is invalid. Using default page load timeout: '30'

2019-03-10 20:47:27 - [MESSAGE][PASSED] - Tapped on element 'Object Repository/Passenger App/Request Ride Screen/dropdown_Pick upDestination Location'

2019-03-10 20:47:27 - [TEST_STEP][PASSED] - tap(findTestObject("Passenger App/Request Ride Screen/RadioButton_Cash"), 0): Tapped on element 'Object Repository/Passenger App/Request Ride Screen/RadioButton_Cash'

2019-03-10 20:47:27 - [MESSAGE][WARNING] - Timeout '0' is invalid. Using default page load timeout: '30'

2019-03-10 20:47:29 - [MESSAGE][PASSED] - Tapped on element 'Object Repository/Passenger App/Request Ride Screen/RadioButton_Cash'

2019-03-10 20:47:29 - [TEST_STEP][PASSED] - tap(findTestObject("Passenger App/Request Ride Screen/Button_Request"), 0): Tapped on element 'Object Repository/Passenger App/Request Ride Screen/Button_Request'

2019-03-10 20:47:29 - [MESSAGE][WARNING] - Timeout '0' is invalid. Using default page load timeout: '30'

2019-03-10 20:47:33 - [MESSAGE][PASSED] - Tapped on element 'Object Repository/Passenger App/Request Ride Screen/Button_Request'

2019-03-10 20:47:33 - [TEST_STEP][PASSED] - delay(3, STOP_ON_FAILURE): Delayed 3 second(s)

2019-03-10 20:47:36 - [MESSAGE][PASSED] - Delayed 3 second(s)

2019-03-10 20:47:36 - [TEST_STEP][PASSED] - tap(findTestObject("Passenger App/Request Ride Screen/Close_Pick up Screen"), 2): Tapped on element 'Object Repository/Passenger App/Request Ride Screen/Close_Pick up Screen'

2019-03-10 20:47:37 - [MESSAGE][PASSED] - Tapped on element 'Object Repository/Passenger App/Request Ride Screen/Close_Pick up Screen'

2019-03-10 20:47:37 - [TEST_STEP][PASSED] - closeApplication(): Close app successfully

2019-03-10 20:47:39 - [MESSAGE][PASSED] - Close app successfully]]></system-out>
         <system-err><![CDATA[]]></system-err>
      </testcase>
      <system-out><![CDATA[2019-03-10 20:44:40 - [TEST_SUITE][FAILED] - TS_Requesting Ride: Test Cases/Driver Test Cases/Login/TC_Driver Login FAILED.
Reason:
com.kms.katalon.core.exception.StepFailedException: Failed to tap on element 'Object Repository/Driver App/Login Screen/Button_Continue with Google'
	at com.kms.katalon.core.keyword.internal.KeywordMain.stepFailed(KeywordMain.groovy:48)
	at com.kms.katalon.core.mobile.keyword.internal.MobileKeywordMain.stepFailed(MobileKeywordMain.groovy:40)
	at com.kms.katalon.core.mobile.keyword.internal.MobileKeywordMain.runKeyword(MobileKeywordMain.groovy:23)
	at com.kms.katalon.core.mobile.keyword.builtin.TapKeyword.tap(TapKeyword.groovy:83)
	at com.kms.katalon.core.mobile.keyword.builtin.TapKeyword.execute(TapKeyword.groovy:66)
	at com.kms.katalon.core.keyword.internal.KeywordExecutor.executeKeywordForPlatform(KeywordExecutor.groovy:56)
	at com.kms.katalon.core.mobile.keyword.MobileBuiltInKeywords.tap(MobileBuiltInKeywords.groovy:485)
	at com.kms.katalon.core.mobile.keyword.MobileBuiltInKeywords$tap$0.call(Unknown Source)
	at TC_Driver Login.run(TC_Driver Login:27)
	at com.kms.katalon.core.main.ScriptEngine.run(ScriptEngine.java:194)
	at com.kms.katalon.core.main.ScriptEngine.runScriptAsRawText(ScriptEngine.java:119)
	at com.kms.katalon.core.main.TestCaseExecutor.runScript(TestCaseExecutor.java:331)
	at com.kms.katalon.core.main.TestCaseExecutor.doExecute(TestCaseExecutor.java:322)
	at com.kms.katalon.core.main.TestCaseExecutor.processExecutionPhase(TestCaseExecutor.java:301)
	at com.kms.katalon.core.main.TestCaseExecutor.accessMainPhase(TestCaseExecutor.java:293)
	at com.kms.katalon.core.main.TestCaseExecutor.execute(TestCaseExecutor.java:227)
	at com.kms.katalon.core.main.TestSuiteExecutor.accessTestCaseMainPhase(TestSuiteExecutor.java:129)
	at com.kms.katalon.core.main.TestSuiteExecutor.accessTestSuiteMainPhase(TestSuiteExecutor.java:112)
	at com.kms.katalon.core.main.TestSuiteExecutor.execute(TestSuiteExecutor.java:81)
	at com.kms.katalon.core.main.TestCaseMain.startTestSuite(TestCaseMain.java:157)
	at com.kms.katalon.core.main.TestCaseMain$startTestSuite$0.call(Unknown Source)
	at TempTestSuite1552239877084.run(TempTestSuite1552239877084.groovy:35)]]></system-out>
      <system-err><![CDATA[2019-03-10 20:44:40 - [TEST_SUITE][FAILED] - TS_Requesting Ride: Test Cases/Driver Test Cases/Login/TC_Driver Login FAILED.
Reason:
com.kms.katalon.core.exception.StepFailedException: Failed to tap on element 'Object Repository/Driver App/Login Screen/Button_Continue with Google'
	at com.kms.katalon.core.keyword.internal.KeywordMain.stepFailed(KeywordMain.groovy:48)
	at com.kms.katalon.core.mobile.keyword.internal.MobileKeywordMain.stepFailed(MobileKeywordMain.groovy:40)
	at com.kms.katalon.core.mobile.keyword.internal.MobileKeywordMain.runKeyword(MobileKeywordMain.groovy:23)
	at com.kms.katalon.core.mobile.keyword.builtin.TapKeyword.tap(TapKeyword.groovy:83)
	at com.kms.katalon.core.mobile.keyword.builtin.TapKeyword.execute(TapKeyword.groovy:66)
	at com.kms.katalon.core.keyword.internal.KeywordExecutor.executeKeywordForPlatform(KeywordExecutor.groovy:56)
	at com.kms.katalon.core.mobile.keyword.MobileBuiltInKeywords.tap(MobileBuiltInKeywords.groovy:485)
	at com.kms.katalon.core.mobile.keyword.MobileBuiltInKeywords$tap$0.call(Unknown Source)
	at TC_Driver Login.run(TC_Driver Login:27)
	at com.kms.katalon.core.main.ScriptEngine.run(ScriptEngine.java:194)
	at com.kms.katalon.core.main.ScriptEngine.runScriptAsRawText(ScriptEngine.java:119)
	at com.kms.katalon.core.main.TestCaseExecutor.runScript(TestCaseExecutor.java:331)
	at com.kms.katalon.core.main.TestCaseExecutor.doExecute(TestCaseExecutor.java:322)
	at com.kms.katalon.core.main.TestCaseExecutor.processExecutionPhase(TestCaseExecutor.java:301)
	at com.kms.katalon.core.main.TestCaseExecutor.accessMainPhase(TestCaseExecutor.java:293)
	at com.kms.katalon.core.main.TestCaseExecutor.execute(TestCaseExecutor.java:227)
	at com.kms.katalon.core.main.TestSuiteExecutor.accessTestCaseMainPhase(TestSuiteExecutor.java:129)
	at com.kms.katalon.core.main.TestSuiteExecutor.accessTestSuiteMainPhase(TestSuiteExecutor.java:112)
	at com.kms.katalon.core.main.TestSuiteExecutor.execute(TestSuiteExecutor.java:81)
	at com.kms.katalon.core.main.TestCaseMain.startTestSuite(TestCaseMain.java:157)
	at com.kms.katalon.core.main.TestCaseMain$startTestSuite$0.call(Unknown Source)
	at TempTestSuite1552239877084.run(TempTestSuite1552239877084.groovy:35)]]></system-err>
   </testsuite>
</testsuites>
